The system is: Windows - 10.0.16299 - AMD64
Compiling the C compiler identification source file "CMakeCCompilerId.c" succeeded.
Compiler: C:/Program Files (x86)/Microsoft Visual Studio/2017/Community/VC/Tools/MSVC/14.13.26128/bin/Hostx86/x86/cl.exe 
Build flags: 
Id flags:  

The output was:
0
用于 x86 的 Microsoft (R) C/C++ 优化编译器 19.13.26129 版
版权所有(C) Microsoft Corporation。保留所有权利。

CMakeCCompilerId.c
Microsoft (R) Incremental Linker Version 14.13.26129.0
Copyright (C) Microsoft Corporation.  All rights reserved.

/out:CMakeCCompilerId.exe 
CMakeCCompilerId.obj 


Compilation of the C compiler identification source "CMakeCCompilerId.c" produced "CMakeCCompilerId.exe"

Compilation of the C compiler identification source "CMakeCCompilerId.c" produced "CMakeCCompilerId.obj"

The C compiler identification is MSVC, found in "D:/GitHub/Cryption/binCrack/cmake-build-debug/CMakeFiles/3.10.3/CompilerIdC/CMakeCCompilerId.exe"

Determining if the C compiler works passed with the following output:
Change Dir: D:/GitHub/Cryption/binCrack/cmake-build-debug/CMakeFiles/CMakeTmp

Run Build Command:"nmake" "/NOLOGO" "cmTC_0dbf5\fast"
	"C:\Program Files (x86)\Microsoft Visual Studio\2017\Community\VC\Tools\MSVC\14.13.26128\bin\HostX86\x86\nmake.exe" -f CMakeFiles\cmTC_0dbf5.dir\build.make /nologo -L                  CMakeFiles\cmTC_0dbf5.dir\build
Building C object CMakeFiles/cmTC_0dbf5.dir/testCCompiler.c.obj
	C:\PROGRA~2\MICROS~1\2017\COMMUN~1\VC\Tools\MSVC\1413~1.261\bin\Hostx86\x86\cl.exe @C:\Users\Justi\AppData\Local\Temp\nm3A42.tmp
testCCompiler.c
Linking C executable cmTC_0dbf5.exe
	C:\Users\Justi\AppData\Local\JetBrains\Toolbox\apps\CLion\ch-0\181.4445.84\bin\cmake\bin\cmake.exe -E vs_link_exe --intdir=CMakeFiles\cmTC_0dbf5.dir --manifests  -- C:\PROGRA~2\MICROS~1\2017\COMMUN~1\VC\Tools\MSVC\1413~1.261\bin\Hostx86\x86\link.exe /nologo @CMakeFiles\cmTC_0dbf5.dir\objects1.rsp @C:\Users\Justi\AppData\Local\Temp\nm3AC0.tmp


Detecting C compiler ABI info compiled with the following output:
Change Dir: D:/GitHub/Cryption/binCrack/cmake-build-debug/CMakeFiles/CMakeTmp

Run Build Command:"nmake" "/NOLOGO" "cmTC_780f8\fast"
	"C:\Program Files (x86)\Microsoft Visual Studio\2017\Community\VC\Tools\MSVC\14.13.26128\bin\HostX86\x86\nmake.exe" -f CMakeFiles\cmTC_780f8.dir\build.make /nologo -L                  CMakeFiles\cmTC_780f8.dir\build
Building C object CMakeFiles/cmTC_780f8.dir/CMakeCCompilerABI.c.obj
	C:\PROGRA~2\MICROS~1\2017\COMMUN~1\VC\Tools\MSVC\1413~1.261\bin\Hostx86\x86\cl.exe @C:\Users\Justi\AppData\Local\Temp\nm3D9D.tmp
CMakeCCompilerABI.c
Linking C executable cmTC_780f8.exe
	C:\Users\Justi\AppData\Local\JetBrains\Toolbox\apps\CLion\ch-0\181.4445.84\bin\cmake\bin\cmake.exe -E vs_link_exe --intdir=CMakeFiles\cmTC_780f8.dir --manifests  -- C:\PROGRA~2\MICROS~1\2017\COMMUN~1\VC\Tools\MSVC\1413~1.261\bin\Hostx86\x86\link.exe /nologo @CMakeFiles\cmTC_780f8.dir\objects1.rsp @C:\Users\Justi\AppData\Local\Temp\nm3E0B.tmp


